<?xml version="1.0" encoding="UTF-8"?>
<coverage generated="1496805194915" clover="3.2.0">
  <project timestamp="1496805194915" name="All files">
    <metrics statements="75" coveredstatements="42" conditionals="26" coveredconditionals="11" methods="29" coveredmethods="15" elements="130" coveredelements="68" complexity="0" loc="75" ncloc="75" packages="6" files="7" classes="7">
      <package name="Components.Card">
        <metrics statements="2" coveredstatements="1" conditionals="0" coveredconditionals="0" methods="1" coveredmethods="0"/>
        <file name="Card.js" path="C:\Users\maxim\Documents\Visual Studio 2017\Projects\ReactTechnicalTest\src\Components\Card\Card.js">
          <metrics statements="2" coveredstatements="1" conditionals="0" coveredconditionals="0" methods="1" coveredmethods="0"/>
          <line num="5" count="1" type="stmt"/>
          <line num="6" count="0" type="stmt"/>
        </file>
      </package>
      <package name="Components.CardList">
        <metrics statements="7" coveredstatements="3" conditionals="6" coveredconditionals="2" methods="3" coveredmethods="1"/>
        <file name="CardList.js" path="C:\Users\maxim\Documents\Visual Studio 2017\Projects\ReactTechnicalTest\src\Components\CardList\CardList.js">
          <metrics statements="7" coveredstatements="3" conditionals="6" coveredconditionals="2" methods="3" coveredmethods="1"/>
          <line num="5" count="1" type="stmt"/>
          <line num="6" count="1" type="cond" truecount="1" falsecount="1"/>
          <line num="7" count="0" type="stmt"/>
          <line num="8" count="0" type="stmt"/>
          <line num="10" count="0" type="stmt"/>
          <line num="15" count="1" type="stmt"/>
          <line num="17" count="0" type="stmt"/>
        </file>
      </package>
      <package name="Components.Form">
        <metrics statements="11" coveredstatements="5" conditionals="4" coveredconditionals="3" methods="7" coveredmethods="3"/>
        <file name="Form.js" path="C:\Users\maxim\Documents\Visual Studio 2017\Projects\ReactTechnicalTest\src\Components\Form\Form.js">
          <metrics statements="11" coveredstatements="5" conditionals="4" coveredconditionals="3" methods="7" coveredmethods="3"/>
          <line num="16" count="4" type="stmt"/>
          <line num="20" count="2" type="stmt"/>
          <line num="21" count="2" type="stmt"/>
          <line num="29" count="0" type="stmt"/>
          <line num="33" count="0" type="stmt"/>
          <line num="35" count="0" type="stmt"/>
          <line num="36" count="0" type="stmt"/>
          <line num="37" count="0" type="stmt"/>
          <line num="42" count="2" type="cond" truecount="1" falsecount="1"/>
          <line num="46" count="0" type="stmt"/>
          <line num="50" count="2" type="stmt"/>
        </file>
      </package>
      <package name="Components.GitHubUserRepos">
        <metrics statements="6" coveredstatements="3" conditionals="2" coveredconditionals="0" methods="5" coveredmethods="2"/>
        <file name="GitHubUserRepos.js" path="C:\Users\maxim\Documents\Visual Studio 2017\Projects\ReactTechnicalTest\src\Components\GitHubUserRepos\GitHubUserRepos.js">
          <metrics statements="6" coveredstatements="3" conditionals="2" coveredconditionals="0" methods="5" coveredmethods="2"/>
          <line num="9" count="1" type="stmt"/>
          <line num="10" count="1" type="stmt"/>
          <line num="21" count="0" type="cond" truecount="0" falsecount="2"/>
          <line num="22" count="0" type="stmt"/>
          <line num="31" count="0" type="stmt"/>
          <line num="39" count="1" type="stmt"/>
        </file>
      </package>
      <package name="Components.ResultHeader">
        <metrics statements="2" coveredstatements="2" conditionals="2" coveredconditionals="1" methods="1" coveredmethods="1"/>
        <file name="ResultHeader.js" path="C:\Users\maxim\Documents\Visual Studio 2017\Projects\ReactTechnicalTest\src\Components\ResultHeader\ResultHeader.js">
          <metrics statements="2" coveredstatements="2" conditionals="2" coveredconditionals="1" methods="1" coveredmethods="1"/>
          <line num="4" count="1" type="stmt"/>
          <line num="5" count="1" type="stmt"/>
        </file>
      </package>
      <package name="tools">
        <metrics statements="47" coveredstatements="28" conditionals="12" coveredconditionals="5" methods="12" coveredmethods="8"/>
        <file name="api.js" path="C:\Users\maxim\Documents\Visual Studio 2017\Projects\ReactTechnicalTest\src\tools\api.js">
          <metrics statements="39" coveredstatements="20" conditionals="4" coveredconditionals="0" methods="10" coveredmethods="6"/>
          <line num="4" count="4" type="stmt"/>
          <line num="5" count="4" type="stmt"/>
          <line num="6" count="4" type="stmt"/>
          <line num="7" count="4" type="stmt"/>
          <line num="10" count="1" type="stmt"/>
          <line num="12" count="1" type="stmt"/>
          <line num="14" count="1" type="stmt"/>
          <line num="15" count="1" type="stmt"/>
          <line num="16" count="1" type="stmt"/>
          <line num="17" count="1" type="stmt"/>
          <line num="18" count="1" type="stmt"/>
          <line num="19" count="1" type="stmt"/>
          <line num="21" count="1" type="stmt"/>
          <line num="30" count="1" type="stmt"/>
          <line num="31" count="1" type="stmt"/>
          <line num="33" count="0" type="stmt"/>
          <line num="34" count="0" type="stmt"/>
          <line num="35" count="0" type="stmt"/>
          <line num="38" count="1" type="stmt"/>
          <line num="39" count="1" type="stmt"/>
          <line num="40" count="0" type="stmt"/>
          <line num="41" count="0" type="stmt"/>
          <line num="46" count="1" type="stmt"/>
          <line num="48" count="1" type="stmt"/>
          <line num="50" count="0" type="stmt"/>
          <line num="51" count="0" type="stmt"/>
          <line num="52" count="0" type="stmt"/>
          <line num="53" count="0" type="stmt"/>
          <line num="56" count="0" type="cond" truecount="0" falsecount="2"/>
          <line num="57" count="0" type="stmt"/>
          <line num="58" count="0" type="stmt"/>
          <line num="59" count="0" type="stmt"/>
          <line num="60" count="0" type="stmt"/>
          <line num="66" count="1" type="stmt"/>
          <line num="71" count="0" type="stmt"/>
          <line num="72" count="0" type="stmt"/>
          <line num="73" count="0" type="cond" truecount="0" falsecount="2"/>
          <line num="75" count="0" type="stmt"/>
          <line num="80" count="0" type="stmt"/>
        </file>
        <file name="stringUtils.js" path="C:\Users\maxim\Documents\Visual Studio 2017\Projects\ReactTechnicalTest\src\tools\stringUtils.js">
          <metrics statements="8" coveredstatements="8" conditionals="8" coveredconditionals="5" methods="2" coveredmethods="2"/>
          <line num="4" count="6" type="cond" truecount="2" falsecount="0"/>
          <line num="5" count="3" type="stmt"/>
          <line num="7" count="3" type="stmt"/>
          <line num="11" count="2" type="cond" truecount="1" falsecount="1"/>
          <line num="12" count="2" type="cond" truecount="1" falsecount="1"/>
          <line num="13" count="2" type="cond" truecount="1" falsecount="1"/>
          <line num="14" count="2" type="stmt"/>
          <line num="15" count="2" type="stmt"/>
        </file>
      </package>
    </metrics>
  </project>
</coverage>
