{"C:\\Users\\maxim\\Documents\\Visual Studio 2017\\Projects\\ReactTechnicalTest\\src\\Components\\Card\\Card.js": {"path":"C:\\Users\\maxim\\Documents\\Visual Studio 2017\\Projects\\ReactTechnicalTest\\src\\Components\\Card\\Card.js","statementMap":{"0":{"start":{"line":5,"column":13},"end":{"line":27,"column":1}},"1":{"start":{"line":7,"column":2},"end":{"line":26,"column":4}}},"fnMap":{"0":{"name":"(anonymous_0)","decl":{"start":{"line":5,"column":13},"end":{"line":5,"column":14}},"loc":{"start":{"line":5,"column":24},"end":{"line":27,"column":1}},"line":5}},"branchMap":{},"s":{"0":1,"1":0},"f":{"0":0},"b":{},"_coverageSchema":"332fd63041d2c1bcb487cc26dd0d5f7d97098a6c","hash":"141648f6bef9d373ac086bc29fb7bac2e55f91ff"}
,"C:\\Users\\maxim\\Documents\\Visual Studio 2017\\Projects\\ReactTechnicalTest\\src\\Components\\CardList\\CardList.js": {"path":"C:\\Users\\maxim\\Documents\\Visual Studio 2017\\Projects\\ReactTechnicalTest\\src\\Components\\CardList\\CardList.js","statementMap":{"0":{"start":{"line":5,"column":17},"end":{"line":21,"column":1}},"1":{"start":{"line":6,"column":2},"end":{"line":20,"column":3}},"2":{"start":{"line":7,"column":21},"end":{"line":7,"column":40}},"3":{"start":{"line":8,"column":6},"end":{"line":12,"column":8}},"4":{"start":{"line":10,"column":32},"end":{"line":10,"column":64}},"5":{"start":{"line":15,"column":4},"end":{"line":19,"column":6}},"6":{"start":{"line":17,"column":27},"end":{"line":17,"column":59}}},"fnMap":{"0":{"name":"(anonymous_0)","decl":{"start":{"line":5,"column":17},"end":{"line":5,"column":18}},"loc":{"start":{"line":5,"column":35},"end":{"line":21,"column":1}},"line":5},"1":{"name":"(anonymous_1)","decl":{"start":{"line":10,"column":24},"end":{"line":10,"column":25}},"loc":{"start":{"line":10,"column":32},"end":{"line":10,"column":64}},"line":10},"2":{"name":"(anonymous_2)","decl":{"start":{"line":17,"column":19},"end":{"line":17,"column":20}},"loc":{"start":{"line":17,"column":27},"end":{"line":17,"column":59}},"line":17}},"branchMap":{"0":{"loc":{"start":{"line":6,"column":2},"end":{"line":20,"column":3}},"type":"if","locations":[{"start":{"line":6,"column":2},"end":{"line":20,"column":3}},{"start":{"line":6,"column":2},"end":{"line":20,"column":3}}],"line":6}},"s":{"0":1,"1":1,"2":0,"3":0,"4":0,"5":1,"6":0},"f":{"0":1,"1":0,"2":0},"b":{"0":[0,1]},"_coverageSchema":"332fd63041d2c1bcb487cc26dd0d5f7d97098a6c","hash":"ed782f0c226c9d62f3b66578717eb8a44b8d0865"}
,"C:\\Users\\maxim\\Documents\\Visual Studio 2017\\Projects\\ReactTechnicalTest\\src\\Components\\Form\\Form.js": {"path":"C:\\Users\\maxim\\Documents\\Visual Studio 2017\\Projects\\ReactTechnicalTest\\src\\Components\\Form\\Form.js","statementMap":{"0":{"start":{"line":16,"column":0},"end":{"line":16,"column":23}},"1":{"start":{"line":20,"column":8},"end":{"line":20,"column":21}},"2":{"start":{"line":21,"column":8},"end":{"line":24,"column":10}},"3":{"start":{"line":28,"column":4},"end":{"line":28,"column":33}},"4":{"start":{"line":32,"column":4},"end":{"line":32,"column":27}},"5":{"start":{"line":34,"column":4},"end":{"line":48,"column":7}},"6":{"start":{"line":38,"column":23},"end":{"line":38,"column":30}},"7":{"start":{"line":39,"column":24},"end":{"line":39,"column":31}},"8":{"start":{"line":41,"column":21},"end":{"line":44,"column":9}},"9":{"start":{"line":46,"column":8},"end":{"line":46,"column":35}},"10":{"start":{"line":47,"column":8},"end":{"line":47,"column":40}},"11":{"start":{"line":52,"column":4},"end":{"line":84,"column":6}},"12":{"start":{"line":62,"column":41},"end":{"line":62,"column":88}}},"fnMap":{"0":{"name":"(anonymous_0)","decl":{"start":{"line":19,"column":4},"end":{"line":19,"column":5}},"loc":{"start":{"line":19,"column":23},"end":{"line":25,"column":5}},"line":19},"1":{"name":"(anonymous_1)","decl":{"start":{"line":27,"column":15},"end":{"line":27,"column":16}},"loc":{"start":{"line":27,"column":40},"end":{"line":29,"column":1}},"line":27},"2":{"name":"(anonymous_2)","decl":{"start":{"line":31,"column":15},"end":{"line":31,"column":16}},"loc":{"start":{"line":31,"column":26},"end":{"line":49,"column":5}},"line":31},"3":{"name":"(anonymous_3)","decl":{"start":{"line":37,"column":12},"end":{"line":37,"column":13}},"loc":{"start":{"line":37,"column":22},"end":{"line":48,"column":5}},"line":37},"4":{"name":"(anonymous_4)","decl":{"start":{"line":51,"column":2},"end":{"line":51,"column":3}},"loc":{"start":{"line":51,"column":11},"end":{"line":85,"column":3}},"line":51},"5":{"name":"(anonymous_5)","decl":{"start":{"line":62,"column":30},"end":{"line":62,"column":31}},"loc":{"start":{"line":62,"column":41},"end":{"line":62,"column":88}},"line":62}},"branchMap":{"0":{"loc":{"start":{"line":56,"column":28},"end":{"line":56,"column":81}},"type":"cond-expr","locations":[{"start":{"line":56,"column":49},"end":{"line":56,"column":64}},{"start":{"line":56,"column":67},"end":{"line":56,"column":81}}],"line":56}},"s":{"0":2,"1":2,"2":2,"3":0,"4":0,"5":0,"6":0,"7":0,"8":0,"9":0,"10":0,"11":2,"12":0},"f":{"0":2,"1":0,"2":0,"3":0,"4":2,"5":0},"b":{"0":[1,1]},"_coverageSchema":"332fd63041d2c1bcb487cc26dd0d5f7d97098a6c","hash":"281674487dd857c6e355fae95b75eae94dd574cf"}
,"C:\\Users\\maxim\\Documents\\Visual Studio 2017\\Projects\\ReactTechnicalTest\\src\\Components\\GitHubUserRepos\\GitHubUserRepos.js": {"path":"C:\\Users\\maxim\\Documents\\Visual Studio 2017\\Projects\\ReactTechnicalTest\\src\\Components\\GitHubUserRepos\\GitHubUserRepos.js","statementMap":{"0":{"start":{"line":9,"column":8},"end":{"line":9,"column":21}},"1":{"start":{"line":10,"column":8},"end":{"line":15,"column":10}},"2":{"start":{"line":19,"column":8},"end":{"line":23,"column":12}},"3":{"start":{"line":19,"column":36},"end":{"line":23,"column":9}},"4":{"start":{"line":27,"column":4},"end":{"line":42,"column":6}}},"fnMap":{"0":{"name":"(anonymous_0)","decl":{"start":{"line":8,"column":4},"end":{"line":8,"column":5}},"loc":{"start":{"line":8,"column":23},"end":{"line":16,"column":5}},"line":8},"1":{"name":"(anonymous_1)","decl":{"start":{"line":18,"column":17},"end":{"line":18,"column":18}},"loc":{"start":{"line":18,"column":35},"end":{"line":24,"column":5}},"line":18},"2":{"name":"(anonymous_2)","decl":{"start":{"line":19,"column":22},"end":{"line":19,"column":23}},"loc":{"start":{"line":19,"column":36},"end":{"line":23,"column":9}},"line":19},"3":{"name":"(anonymous_3)","decl":{"start":{"line":26,"column":2},"end":{"line":26,"column":3}},"loc":{"start":{"line":26,"column":11},"end":{"line":43,"column":3}},"line":26}},"branchMap":{},"s":{"0":1,"1":1,"2":0,"3":0,"4":1},"f":{"0":1,"1":0,"2":0,"3":1},"b":{},"_coverageSchema":"332fd63041d2c1bcb487cc26dd0d5f7d97098a6c","hash":"015a51a2ca29dde9d0f993dbee4fa532983f2abd"}
,"C:\\Users\\maxim\\Documents\\Visual Studio 2017\\Projects\\ReactTechnicalTest\\src\\Components\\ResultHeader\\ResultHeader.js": {"path":"C:\\Users\\maxim\\Documents\\Visual Studio 2017\\Projects\\ReactTechnicalTest\\src\\Components\\ResultHeader\\ResultHeader.js","statementMap":{"0":{"start":{"line":4,"column":21},"end":{"line":20,"column":1}},"1":{"start":{"line":5,"column":2},"end":{"line":19,"column":4}}},"fnMap":{"0":{"name":"(anonymous_0)","decl":{"start":{"line":4,"column":21},"end":{"line":4,"column":22}},"loc":{"start":{"line":4,"column":91},"end":{"line":20,"column":1}},"line":4}},"branchMap":{"0":{"loc":{"start":{"line":6,"column":21},"end":{"line":6,"column":79}},"type":"cond-expr","locations":[{"start":{"line":6,"column":31},"end":{"line":6,"column":54}},{"start":{"line":6,"column":57},"end":{"line":6,"column":79}}],"line":6}},"s":{"0":1,"1":1},"f":{"0":1},"b":{"0":[0,1]},"_coverageSchema":"332fd63041d2c1bcb487cc26dd0d5f7d97098a6c","hash":"ce1d30abda955e228e5133e31172afdcb7b053b6"}
,"C:\\Users\\maxim\\Documents\\Visual Studio 2017\\Projects\\ReactTechnicalTest\\src\\tools\\api.js": {"path":"C:\\Users\\maxim\\Documents\\Visual Studio 2017\\Projects\\ReactTechnicalTest\\src\\tools\\api.js","statementMap":{"0":{"start":{"line":3,"column":30},"end":{"line":3,"column":34}},"1":{"start":{"line":4,"column":22},"end":{"line":4,"column":27}},"2":{"start":{"line":5,"column":24},"end":{"line":5,"column":26}},"3":{"start":{"line":6,"column":25},"end":{"line":6,"column":27}},"4":{"start":{"line":9,"column":22},"end":{"line":9,"column":32}},"5":{"start":{"line":11,"column":4},"end":{"line":25,"column":7}},"6":{"start":{"line":13,"column":25},"end":{"line":13,"column":43}},"7":{"start":{"line":14,"column":38},"end":{"line":14,"column":82}},"8":{"start":{"line":15,"column":33},"end":{"line":15,"column":80}},"9":{"start":{"line":16,"column":30},"end":{"line":16,"column":76}},"10":{"start":{"line":17,"column":31},"end":{"line":17,"column":117}},"11":{"start":{"line":18,"column":33},"end":{"line":18,"column":122}},"12":{"start":{"line":20,"column":8},"end":{"line":24,"column":10}},"13":{"start":{"line":29,"column":4},"end":{"line":32,"column":7}},"14":{"start":{"line":31,"column":12},"end":{"line":31,"column":29}},"15":{"start":{"line":36,"column":4},"end":{"line":40,"column":7}},"16":{"start":{"line":38,"column":12},"end":{"line":38,"column":46}},"17":{"start":{"line":39,"column":12},"end":{"line":39,"column":29}}},"fnMap":{"0":{"name":"addTimeSinceRepoUpdate","decl":{"start":{"line":8,"column":16},"end":{"line":8,"column":38}},"loc":{"start":{"line":8,"column":48},"end":{"line":26,"column":1}},"line":8},"1":{"name":"(anonymous_1)","decl":{"start":{"line":11,"column":21},"end":{"line":11,"column":22}},"loc":{"start":{"line":11,"column":31},"end":{"line":25,"column":5}},"line":11},"2":{"name":"getUserInfo","decl":{"start":{"line":28,"column":16},"end":{"line":28,"column":27}},"loc":{"start":{"line":28,"column":37},"end":{"line":33,"column":1}},"line":28},"3":{"name":"(anonymous_3)","decl":{"start":{"line":30,"column":14},"end":{"line":30,"column":15}},"loc":{"start":{"line":30,"column":22},"end":{"line":32,"column":5}},"line":30},"4":{"name":"getUserRepos","decl":{"start":{"line":35,"column":16},"end":{"line":35,"column":28}},"loc":{"start":{"line":35,"column":49},"end":{"line":41,"column":1}},"line":35},"5":{"name":"(anonymous_5)","decl":{"start":{"line":37,"column":14},"end":{"line":37,"column":15}},"loc":{"start":{"line":37,"column":22},"end":{"line":40,"column":5}},"line":37}},"branchMap":{},"s":{"0":2,"1":2,"2":2,"3":2,"4":0,"5":0,"6":0,"7":0,"8":0,"9":0,"10":0,"11":0,"12":0,"13":0,"14":0,"15":0,"16":0,"17":0},"f":{"0":0,"1":0,"2":0,"3":0,"4":0,"5":0},"b":{},"_coverageSchema":"332fd63041d2c1bcb487cc26dd0d5f7d97098a6c","hash":"969127c564d84eec77277fad68c2924722fdbc32"}
,"C:\\Users\\maxim\\Documents\\Visual Studio 2017\\Projects\\ReactTechnicalTest\\src\\tools\\stringUtils.js": {"path":"C:\\Users\\maxim\\Documents\\Visual Studio 2017\\Projects\\ReactTechnicalTest\\src\\tools\\stringUtils.js","statementMap":{"0":{"start":{"line":4,"column":4},"end":{"line":6,"column":5}},"1":{"start":{"line":5,"column":8},"end":{"line":5,"column":22}},"2":{"start":{"line":7,"column":4},"end":{"line":7,"column":24}},"3":{"start":{"line":11,"column":27},"end":{"line":11,"column":78}},"4":{"start":{"line":12,"column":28},"end":{"line":12,"column":83}},"5":{"start":{"line":13,"column":30},"end":{"line":13,"column":93}},"6":{"start":{"line":14,"column":26},"end":{"line":14,"column":97}},"7":{"start":{"line":15,"column":4},"end":{"line":15,"column":27}}},"fnMap":{"0":{"name":"pluralize","decl":{"start":{"line":3,"column":16},"end":{"line":3,"column":25}},"loc":{"start":{"line":3,"column":41},"end":{"line":8,"column":1}},"line":3},"1":{"name":"formatTimeSinceUpdate","decl":{"start":{"line":10,"column":16},"end":{"line":10,"column":37}},"loc":{"start":{"line":10,"column":59},"end":{"line":16,"column":1}},"line":10}},"branchMap":{"0":{"loc":{"start":{"line":4,"column":4},"end":{"line":6,"column":5}},"type":"if","locations":[{"start":{"line":4,"column":4},"end":{"line":6,"column":5}},{"start":{"line":4,"column":4},"end":{"line":6,"column":5}}],"line":4},"1":{"loc":{"start":{"line":11,"column":27},"end":{"line":11,"column":78}},"type":"cond-expr","locations":[{"start":{"line":11,"column":38},"end":{"line":11,"column":73}},{"start":{"line":11,"column":76},"end":{"line":11,"column":78}}],"line":11},"2":{"loc":{"start":{"line":12,"column":28},"end":{"line":12,"column":83}},"type":"cond-expr","locations":[{"start":{"line":12,"column":40},"end":{"line":12,"column":78}},{"start":{"line":12,"column":81},"end":{"line":12,"column":83}}],"line":12},"3":{"loc":{"start":{"line":13,"column":30},"end":{"line":13,"column":93}},"type":"cond-expr","locations":[{"start":{"line":13,"column":44},"end":{"line":13,"column":88}},{"start":{"line":13,"column":91},"end":{"line":13,"column":93}}],"line":13}},"s":{"0":0,"1":0,"2":0,"3":0,"4":0,"5":0,"6":0,"7":0},"f":{"0":0,"1":0},"b":{"0":[0,0],"1":[0,0],"2":[0,0],"3":[0,0]},"_coverageSchema":"332fd63041d2c1bcb487cc26dd0d5f7d97098a6c","hash":"beabf125b76f1ab66e1f055c97eef4e6f44c01c8"}
}
