TN:
SF:C:\Users\maxim\Documents\Visual Studio 2017\Projects\ReactTechnicalTest\src\Components\Card\Card.js
FN:5,(anonymous_0)
FNF:1
FNH:0
FNDA:0,(anonymous_0)
DA:5,1
DA:7,0
LF:2
LH:1
BRF:0
BRH:0
end_of_record
TN:
SF:C:\Users\maxim\Documents\Visual Studio 2017\Projects\ReactTechnicalTest\src\Components\CardList\CardList.js
FN:5,(anonymous_0)
FN:10,(anonymous_1)
FN:17,(anonymous_2)
FNF:3
FNH:1
FNDA:1,(anonymous_0)
FNDA:0,(anonymous_1)
FNDA:0,(anonymous_2)
DA:5,1
DA:6,1
DA:7,0
DA:8,0
DA:10,0
DA:15,1
DA:17,0
LF:7
LH:3
BRDA:6,0,0,0
BRDA:6,0,1,1
BRF:2
BRH:1
end_of_record
TN:
SF:C:\Users\maxim\Documents\Visual Studio 2017\Projects\ReactTechnicalTest\src\Components\Form\Form.js
FN:18,(anonymous_0)
FN:26,(anonymous_1)
FN:30,(anonymous_2)
FN:36,(anonymous_3)
FN:50,(anonymous_4)
FN:59,(anonymous_5)
FNF:6
FNH:2
FNDA:1,(anonymous_0)
FNDA:0,(anonymous_1)
FNDA:0,(anonymous_2)
FNDA:0,(anonymous_3)
FNDA:1,(anonymous_4)
FNDA:0,(anonymous_5)
DA:15,1
DA:19,1
DA:20,1
DA:27,0
DA:31,0
DA:33,0
DA:37,0
DA:38,0
DA:40,0
DA:45,0
DA:46,0
DA:51,1
DA:59,0
LF:13
LH:4
BRF:0
BRH:0
end_of_record
TN:
SF:C:\Users\maxim\Documents\Visual Studio 2017\Projects\ReactTechnicalTest\src\Components\GitHubUserRepos\GitHubUserRepos.js
FN:8,(anonymous_0)
FN:17,(anonymous_1)
FN:18,(anonymous_2)
FN:25,(anonymous_3)
FNF:4
FNH:2
FNDA:1,(anonymous_0)
FNDA:0,(anonymous_1)
FNDA:0,(anonymous_2)
FNDA:1,(anonymous_3)
DA:9,1
DA:10,1
DA:18,0
DA:26,1
LF:4
LH:3
BRF:0
BRH:0
end_of_record
TN:
SF:C:\Users\maxim\Documents\Visual Studio 2017\Projects\ReactTechnicalTest\src\Components\ResultHeader\ResultHeader.js
FN:4,(anonymous_0)
FNF:1
FNH:1
FNDA:1,(anonymous_0)
DA:4,1
DA:5,1
LF:2
LH:2
BRDA:6,0,0,0
BRDA:6,0,1,1
BRF:2
BRH:1
end_of_record
TN:
SF:C:\Users\maxim\Documents\Visual Studio 2017\Projects\ReactTechnicalTest\src\tools\api.js
FN:8,addTimeSinceRepoUpdate
FN:11,(anonymous_1)
FN:28,getUserInfo
FN:30,(anonymous_3)
FN:35,getUserRepos
FN:37,(anonymous_5)
FNF:6
FNH:0
FNDA:0,addTimeSinceRepoUpdate
FNDA:0,(anonymous_1)
FNDA:0,getUserInfo
FNDA:0,(anonymous_3)
FNDA:0,getUserRepos
FNDA:0,(anonymous_5)
DA:3,1
DA:4,1
DA:5,1
DA:6,1
DA:9,0
DA:11,0
DA:13,0
DA:14,0
DA:15,0
DA:16,0
DA:17,0
DA:18,0
DA:20,0
DA:29,0
DA:31,0
DA:36,0
DA:38,0
DA:39,0
LF:18
LH:4
BRF:0
BRH:0
end_of_record
TN:
SF:C:\Users\maxim\Documents\Visual Studio 2017\Projects\ReactTechnicalTest\src\tools\stringUtils.js
FN:3,pluralize
FN:10,formatTimeSinceUpdate
FNF:2
FNH:0
FNDA:0,pluralize
FNDA:0,formatTimeSinceUpdate
DA:4,0
DA:5,0
DA:7,0
DA:11,0
DA:12,0
DA:13,0
DA:14,0
DA:15,0
LF:8
LH:0
BRDA:4,0,0,0
BRDA:4,0,1,0
BRDA:11,1,0,0
BRDA:11,1,1,0
BRDA:12,2,0,0
BRDA:12,2,1,0
BRDA:13,3,0,0
BRDA:13,3,1,0
BRF:8
BRH:0
end_of_record
