TN:
SF:C:\Users\maxim\Documents\Visual Studio 2017\Projects\ReactTechnicalTest\src\Components\Card\Card.js
FN:5,(anonymous_0)
FNF:1
FNH:0
FNDA:0,(anonymous_0)
DA:5,1
DA:6,0
LF:2
LH:1
BRF:0
BRH:0
end_of_record
TN:
SF:C:\Users\maxim\Documents\Visual Studio 2017\Projects\ReactTechnicalTest\src\Components\CardList\CardList.js
FN:5,(anonymous_0)
FN:10,(anonymous_1)
FN:17,(anonymous_2)
FNF:3
FNH:1
FNDA:1,(anonymous_0)
FNDA:0,(anonymous_1)
FNDA:0,(anonymous_2)
DA:5,1
DA:6,1
DA:7,0
DA:8,0
DA:10,0
DA:15,1
DA:17,0
LF:7
LH:3
BRDA:6,0,0,0
BRDA:6,0,1,1
BRDA:9,1,0,0
BRDA:9,1,1,0
BRDA:16,2,0,0
BRDA:16,2,1,1
BRF:6
BRH:2
end_of_record
TN:
SF:C:\Users\maxim\Documents\Visual Studio 2017\Projects\ReactTechnicalTest\src\Components\Form\Form.js
FN:19,(anonymous_0)
FN:28,(anonymous_1)
FN:32,(anonymous_2)
FN:35,(anonymous_3)
FN:41,(anonymous_4)
FN:45,(anonymous_5)
FN:49,(anonymous_6)
FNF:7
FNH:3
FNDA:2,(anonymous_0)
FNDA:0,(anonymous_1)
FNDA:0,(anonymous_2)
FNDA:0,(anonymous_3)
FNDA:2,(anonymous_4)
FNDA:0,(anonymous_5)
FNDA:2,(anonymous_6)
DA:16,4
DA:20,2
DA:21,2
DA:29,0
DA:33,0
DA:35,0
DA:36,0
DA:37,0
DA:42,2
DA:46,0
DA:50,2
LF:11
LH:5
BRDA:42,0,0,0
BRDA:42,0,1,2
BRDA:54,1,0,1
BRDA:54,1,1,1
BRF:4
BRH:3
end_of_record
TN:
SF:C:\Users\maxim\Documents\Visual Studio 2017\Projects\ReactTechnicalTest\src\Components\GitHubUserRepos\GitHubUserRepos.js
FN:8,(anonymous_0)
FN:20,(anonymous_1)
FN:22,(anonymous_2)
FN:31,(anonymous_3)
FN:38,(anonymous_4)
FNF:5
FNH:2
FNDA:1,(anonymous_0)
FNDA:0,(anonymous_1)
FNDA:0,(anonymous_2)
FNDA:0,(anonymous_3)
FNDA:1,(anonymous_4)
DA:9,1
DA:10,1
DA:21,0
DA:22,0
DA:31,0
DA:39,1
LF:6
LH:3
BRDA:21,0,0,0
BRDA:21,0,1,0
BRF:2
BRH:0
end_of_record
TN:
SF:C:\Users\maxim\Documents\Visual Studio 2017\Projects\ReactTechnicalTest\src\Components\ResultHeader\ResultHeader.js
FN:4,(anonymous_0)
FNF:1
FNH:1
FNDA:1,(anonymous_0)
DA:4,1
DA:5,1
LF:2
LH:2
BRDA:6,0,0,0
BRDA:6,0,1,1
BRF:2
BRH:1
end_of_record
TN:
SF:C:\Users\maxim\Documents\Visual Studio 2017\Projects\ReactTechnicalTest\src\tools\api.js
FN:9,addTimeSinceRepoUpdate
FN:12,(anonymous_1)
FN:29,getUserInfo
FN:32,(anonymous_3)
FN:37,(anonymous_4)
FN:45,getUserRepos
FN:49,(anonymous_6)
FN:55,(anonymous_7)
FN:65,getUserRepoInformation
FN:70,(anonymous_9)
FNF:10
FNH:6
FNDA:1,addTimeSinceRepoUpdate
FNDA:1,(anonymous_1)
FNDA:1,getUserInfo
FNDA:0,(anonymous_3)
FNDA:1,(anonymous_4)
FNDA:1,getUserRepos
FNDA:0,(anonymous_6)
FNDA:0,(anonymous_7)
FNDA:1,getUserRepoInformation
FNDA:0,(anonymous_9)
DA:4,4
DA:5,4
DA:6,4
DA:7,4
DA:10,1
DA:12,1
DA:14,1
DA:15,1
DA:16,1
DA:17,1
DA:18,1
DA:19,1
DA:21,1
DA:30,1
DA:31,1
DA:33,0
DA:34,0
DA:35,0
DA:38,1
DA:39,1
DA:40,0
DA:41,0
DA:46,1
DA:48,1
DA:50,0
DA:51,0
DA:52,0
DA:53,0
DA:56,0
DA:57,0
DA:58,0
DA:59,0
DA:60,0
DA:66,1
DA:71,0
DA:72,0
DA:73,0
DA:75,0
DA:80,0
LF:39
LH:20
BRDA:56,0,0,0
BRDA:56,0,1,0
BRDA:73,1,0,0
BRDA:73,1,1,0
BRF:4
BRH:0
end_of_record
TN:
SF:C:\Users\maxim\Documents\Visual Studio 2017\Projects\ReactTechnicalTest\src\tools\stringUtils.js
FN:3,pluralize
FN:10,formatTimeSinceUpdate
FNF:2
FNH:2
FNDA:6,pluralize
FNDA:2,formatTimeSinceUpdate
DA:4,6
DA:5,3
DA:7,3
DA:11,2
DA:12,2
DA:13,2
DA:14,2
DA:15,2
LF:8
LH:8
BRDA:4,0,0,3
BRDA:4,0,1,3
BRDA:11,1,0,2
BRDA:11,1,1,0
BRDA:12,2,0,2
BRDA:12,2,1,0
BRDA:13,3,0,2
BRDA:13,3,1,0
BRF:8
BRH:5
end_of_record
